# JRE version: Java(TM) SE Runtime Environment (19.0+36) (build 19+36-2238)
# Java VM: Java HotSpot(TM) 64-Bit Server VM (19+36-2238, mixed mode, sharing, tiered, compressed oops, compressed class ptrs, g1 gc, windows-amd64)
GC Precious Log:
 CardTable entry size: 512
 Card Set container configuration: InlinePtr #cards 5 size 8 Array Of Cards #cards 12 size 40 Howl #buckets 4 coarsen threshold 1843 Howl Bitmap #cards 512 size 80 coarsen threshold 460 Card regions per heap region 1 cards per card region 2048
 CPUs: 8 total, 8 available
 Memory: 7115M
 Large Page Support: Disabled
 NUMA Support: Disabled
 Compressed Oops: Enabled (32-bit)
 Heap Region Size: 1M
 Heap Min Capacity: 8M
 Heap Initial Capacity: 8M
 Heap Max Capacity: 1780M
 Pre-touch: Disabled
 Parallel Workers: 8
 Concurrent Workers: 2
 Concurrent Refinement Workers: 8
 Periodic GC: Disabled
Heap:
 garbage-first heap   total 20480K, used 11462K [0x0000000090c00000, 0x0000000100000000)
  region size 1024K, 7 young (7168K), 1 survivors (1024K)
 Metaspace       used 9147K, committed 9280K, reserved 1114112K
  class space    used 1025K, committed 1088K, reserved 1048576K
GC Heap History (20 events):
Event: 0.613 GC heap before
{Heap before GC invocations=2 (full 0):
 garbage-first heap   total 8192K, used 2719K [0x0000000090c00000, 0x0000000100000000)
  region size 1024K, 2 young (2048K), 1 survivors (1024K)
 Metaspace       used 6780K, committed 6976K, reserved 1114112K
  class space    used 785K, committed 896K, reserved 1048576K
}
Event: 0.615 GC heap after
{Heap after GC invocations=3 (full 0):
 garbage-first heap   total 8192K, used 2207K [0x0000000090c00000, 0x0000000100000000)
  region size 1024K, 1 young (1024K), 1 survivors (1024K)
 Metaspace       used 6780K, committed 6976K, reserved 1114112K
  class space    used 785K, committed 896K, reserved 1048576K
}
Event: 0.720 GC heap before
{Heap before GC invocations=3 (full 0):
 garbage-first heap   total 8192K, used 3231K [0x0000000090c00000, 0x0000000100000000)
  region size 1024K, 2 young (2048K), 1 survivors (1024K)
 Metaspace       used 7801K, committed 8000K, reserved 1114112K
  class space    used 863K, committed 960K, reserved 1048576K
}
Event: 0.722 GC heap after
{Heap after GC invocations=4 (full 0):
 garbage-first heap   total 8192K, used 2472K [0x0000000090c00000, 0x0000000100000000)
  region size 1024K, 1 young (1024K), 1 survivors (1024K)
 Metaspace       used 7801K, committed 8000K, reserved 1114112K
  class space    used 863K, committed 960K, reserved 1048576K
}
Event: 0.776 GC heap before
{Heap before GC invocations=4 (full 0):
 garbage-first heap   total 8192K, used 3496K [0x0000000090c00000, 0x0000000100000000)
  region size 1024K, 2 young (2048K), 1 survivors (1024K)
 Metaspace       used 7967K, committed 8128K, reserved 1114112K
  class space    used 883K, committed 960K, reserved 1048576K
}
Event: 0.779 GC heap after
{Heap after GC invocations=5 (full 0):
 garbage-first heap   total 10240K, used 2743K [0x0000000090c00000, 0x0000000100000000)
  region size 1024K, 1 young (1024K), 1 survivors (1024K)
 Metaspace       used 7967K, committed 8128K, reserved 1114112K
  class space    used 883K, committed 960K, reserved 1048576K
}
Event: 0.862 GC heap before
{Heap before GC invocations=5 (full 0):
 garbage-first heap   total 10240K, used 4791K [0x0000000090c00000, 0x0000000100000000)
  region size 1024K, 3 young (3072K), 1 survivors (1024K)
 Metaspace       used 8525K, committed 8704K, reserved 1114112K
  class space    used 950K, committed 1024K, reserved 1048576K
}
Event: 0.865 GC heap after
{Heap after GC invocations=6 (full 0):
 garbage-first heap   total 10240K, used 3452K [0x0000000090c00000, 0x0000000100000000)
  region size 1024K, 1 young (1024K), 1 survivors (1024K)
 Metaspace       used 8525K, committed 8704K, reserved 1114112K
  class space    used 950K, committed 1024K, reserved 1048576K
}
Event: 0.939 GC heap before
{Heap before GC invocations=6 (full 0):
 garbage-first heap   total 10240K, used 5500K [0x0000000090c00000, 0x0000000100000000)
  region size 1024K, 3 young (3072K), 1 survivors (1024K)
 Metaspace       used 8801K, committed 8960K, reserved 1114112K
  class space    used 991K, committed 1088K, reserved 1048576K
}
Event: 0.943 GC heap after
{Heap after GC invocations=7 (full 0):
 garbage-first heap   total 10240K, used 4163K [0x0000000090c00000, 0x0000000100000000)
  region size 1024K, 1 young (1024K), 1 survivors (1024K)
 Metaspace       used 8801K, committed 8960K, reserved 1114112K
  class space    used 991K, committed 1088K, reserved 1048576K
}
Event: 0.947 GC heap before
{Heap before GC invocations=7 (full 0):
 garbage-first heap   total 10240K, used 5187K [0x0000000090c00000, 0x0000000100000000)
  region size 1024K, 2 young (2048K), 1 survivors (1024K)
 Metaspace       used 8801K, committed 8960K, reserved 1114112K
  class space    used 991K, committed 1088K, reserved 1048576K
}
Event: 0.948 GC heap after
{Heap after GC invocations=8 (full 0):
 garbage-first heap   total 10240K, used 4369K [0x0000000090c00000, 0x0000000100000000)
  region size 1024K, 1 young (1024K), 1 survivors (1024K)
 Metaspace       used 8801K, committed 8960K, reserved 1114112K
  class space    used 991K, committed 1088K, reserved 1048576K
}
Event: 1.000 GC heap before
{Heap before GC invocations=8 (full 0):
 garbage-first heap   total 10240K, used 5393K [0x0000000090c00000, 0x0000000100000000)
  region size 1024K, 2 young (2048K), 1 survivors (1024K)
 Metaspace       used 8902K, committed 9088K, reserved 1114112K
  class space    used 999K, committed 1088K, reserved 1048576K
}
Event: 1.003 GC heap after
{Heap after GC invocations=9 (full 0):
 garbage-first heap   total 20480K, used 4436K [0x0000000090c00000, 0x0000000100000000)
  region size 1024K, 1 young (1024K), 1 survivors (1024K)
 Metaspace       used 8902K, committed 9088K, reserved 1114112K
  class space    used 999K, committed 1088K, reserved 1048576K
}
Event: 1.082 GC heap before
{Heap before GC invocations=10 (full 0):
 garbage-first heap   total 20480K, used 10580K [0x0000000090c00000, 0x0000000100000000)
  region size 1024K, 7 young (7168K), 1 survivors (1024K)
 Metaspace       used 9035K, committed 9152K, reserved 1114112K
  class space    used 1017K, committed 1088K, reserved 1048576K
}
Event: 1.087 GC heap after
{Heap after GC invocations=11 (full 0):
 garbage-first heap   total 20480K, used 5170K [0x0000000090c00000, 0x0000000100000000)
  region size 1024K, 1 young (1024K), 1 survivors (1024K)
 Metaspace       used 9035K, committed 9152K, reserved 1114112K
  class space    used 1017K, committed 1088K, reserved 1048576K
}
Event: 1.110 GC heap before
{Heap before GC invocations=11 (full 0):
 garbage-first heap   total 20480K, used 6194K [0x0000000090c00000, 0x0000000100000000)
  region size 1024K, 2 young (2048K), 1 survivors (1024K)
 Metaspace       used 9074K, committed 9280K, reserved 1114112K
  class space    used 1021K, committed 1088K, reserved 1048576K
}
Event: 1.118 GC heap after
{Heap after GC invocations=12 (full 0):
 garbage-first heap   total 20480K, used 5168K [0x0000000090c00000, 0x0000000100000000)
  region size 1024K, 1 young (1024K), 1 survivors (1024K)
 Metaspace       used 9074K, committed 9280K, reserved 1114112K
  class space    used 1021K, committed 1088K, reserved 1048576K
}
Event: 1.198 GC heap before
{Heap before GC invocations=12 (full 0):
 garbage-first heap   total 20480K, used 12336K [0x0000000090c00000, 0x0000000100000000)
  region size 1024K, 8 young (8192K), 1 survivors (1024K)
 Metaspace       used 9124K, committed 9280K, reserved 1114112K
  class space    used 1025K, committed 1088K, reserved 1048576K
}
Event: 1.204 GC heap after
{Heap after GC invocations=13 (full 0):
 garbage-first heap   total 20480K, used 6342K [0x0000000090c00000, 0x0000000100000000)
  region size 1024K, 1 young (1024K), 1 survivors (1024K)
 Metaspace       used 9124K, committed 9280K, reserved 1114112K
  class space    used 1025K, committed 1088K, reserved 1048576K
}

